0 info it worked if it ends with ok
1 verbose cli [ '/Users/yukimatsuyama/.nodebrew/node/v4.1.2/bin/node',
1 verbose cli   '/Users/yukimatsuyama/.nodebrew/current/bin/npm',
1 verbose cli   'start' ]
2 info using npm@3.5.1
3 info using node@v4.1.2
4 verbose run-script [ 'prestart', 'start', 'poststart' ]
5 info lifecycle onsen@0.0.0~prestart: onsen@0.0.0
6 silly lifecycle onsen@0.0.0~prestart: no script for prestart, continuing
7 info lifecycle onsen@0.0.0~start: onsen@0.0.0
8 verbose lifecycle onsen@0.0.0~start: unsafe-perm in lifecycle true
9 verbose lifecycle onsen@0.0.0~start: PATH: /Users/yukimatsuyama/.nodebrew/node/v4.1.2/lib/node_modules/npm/bin/node-gyp-bin:/Users/yukimatsuyama/portfolio/node_modules/.bin:/Applications/Cocos/frameworks:/usr/local/sbin:/Applications/Cocos/tools/ant/bin:/Users/yukimatsuyama/Library/Android/sdk/tools:/Users/yukimatsuyama/Library/Android/sdk/platform-tools:/Users/yukimatsuyama/Library/Android/sdk:/Users/yukimatsuyama/android-ndk-r10e:/Users/yukimatsuyama/Downloads/cocos2d-x-3.8/templates:/Users/yukimatsuyama/Downloads/cocos2d-x-3.8/tools/cocos2d-console/bin:/Users/yukimatsuyama/android-ndk-r10e:/Users/yukimatsuyama/Library/Android/sdk/platform-tools:/Users/yukimatsuyama/Library/Android/sdk/tools:/Users/yukimatsuyama/.gvm/gradle/current/bin:/Users/yukimatsuyama/.nodebrew/current/bin:/usr/local/bin:/Users/yukimatsuyama/.mongodb/bin:/Users/yukimatsuyama/.gvm/vertx/current/bin:/Users/yukimatsuyama/.gvm/springboot/current/bin:/Users/yukimatsuyama/.gvm/lazybones/current/bin:/Users/yukimatsuyama/.gvm/jbake/current/bin:/Users/yukimatsuyama/.gvm/groovyserv/current/bin:/Users/yukimatsuyama/.gvm/groovy/current/bin:/Users/yukimatsuyama/.gvm/griffon/current/bin:/Users/yukimatsuyama/.gvm/grails/current/bin:/Users/yukimatsuyama/.gvm/gradle/current/bin:/Users/yukimatsuyama/.gvm/glide/current/bin:/Users/yukimatsuyama/.gvm/gaiden/current/bin:/Users/yukimatsuyama/.gvm/crash/current/bin:/Users/yukimatsuyama/.gvm/asciidoctorj/current/bin:/usr/local/bin:/usr/bin:/bin:/usr/sbin:/sbin:/opt/X11/bin
10 verbose lifecycle onsen@0.0.0~start: CWD: /Users/yukimatsuyama/portfolio
11 silly lifecycle onsen@0.0.0~start: Args: [ '-c', 'node ./bin/www' ]
12 silly lifecycle onsen@0.0.0~start: Returned: code: 1  signal: null
13 info lifecycle onsen@0.0.0~start: Failed to exec start script
14 verbose stack Error: onsen@0.0.0 start: `node ./bin/www`
14 verbose stack Exit status 1
14 verbose stack     at EventEmitter.<anonymous> (/Users/yukimatsuyama/.nodebrew/node/v4.1.2/lib/node_modules/npm/lib/utils/lifecycle.js:232:16)
14 verbose stack     at emitTwo (events.js:87:13)
14 verbose stack     at EventEmitter.emit (events.js:172:7)
14 verbose stack     at ChildProcess.<anonymous> (/Users/yukimatsuyama/.nodebrew/node/v4.1.2/lib/node_modules/npm/lib/utils/spawn.js:24:14)
14 verbose stack     at emitTwo (events.js:87:13)
14 verbose stack     at ChildProcess.emit (events.js:172:7)
14 verbose stack     at maybeClose (internal/child_process.js:818:16)
14 verbose stack     at Process.ChildProcess._handle.onexit (internal/child_process.js:211:5)
15 verbose pkgid onsen@0.0.0
16 verbose cwd /Users/yukimatsuyama/portfolio
17 error Darwin 14.5.0
18 error argv "/Users/yukimatsuyama/.nodebrew/node/v4.1.2/bin/node" "/Users/yukimatsuyama/.nodebrew/current/bin/npm" "start"
19 error node v4.1.2
20 error npm  v3.5.1
21 error code ELIFECYCLE
22 error onsen@0.0.0 start: `node ./bin/www`
22 error Exit status 1
23 error Failed at the onsen@0.0.0 start script 'node ./bin/www'.
23 error Make sure you have the latest version of node.js and npm installed.
23 error If you do, this is most likely a problem with the onsen package,
23 error not with npm itself.
23 error Tell the author that this fails on your system:
23 error     node ./bin/www
23 error You can get information on how to open an issue for this project with:
23 error     npm bugs onsen
23 error Or if that isn't available, you can get their info via:
23 error     npm owner ls onsen
23 error There is likely additional logging output above.
24 verbose exit [ 1, true ]
